<?xml version="1.0" encoding="UTF-8"?>
<!-- Generated by org.testng.reporters.JUnitReportReporter -->
<testsuite hostname="RavindraLaptop" failures="0" tests="2" name="TestNGCode.March15_GoogleSearch" time="12.990" errors="0" timestamp="2022-03-21T20:26:42 IST" skipped="0">
  <testcase classname="TestNGCode.March15_GoogleSearch" name="init" time="12.858"/>
  <system-out/>
  <testcase classname="TestNGCode.March15_GoogleSearch" name="display" time="0.132"/>
  <system-out/>
</testsuite> <!-- TestNGCode.March15_GoogleSearch -->
