<?xml version="1.0" encoding="UTF-8"?>
<!-- Generated by org.testng.reporters.JUnitReportReporter -->
<testsuite hostname="RavindraLaptop" failures="0" tests="1" name="TestNGCode.March17_InheritedDependencies" time="0.015" errors="0" timestamp="2022-03-17T19:16:43 IST" skipped="0">
  <testcase classname="TestNGCode.March17_InheritedDependencies" name="f" time="0.015"/>
  <system-out/>
</testsuite> <!-- TestNGCode.March17_InheritedDependencies -->
