<?xml version="1.0" encoding="UTF-8"?>
<!-- Generated by org.testng.reporters.JUnitReportReporter -->
<testsuite hostname="RavindraLaptop" failures="0" tests="2" name="TestNGCode.inhirited" time="0.009" errors="0" timestamp="2022-03-17T19:16:43 IST" skipped="0">
  <testcase classname="TestNGCode.inhirited" name="f" time="0.004"/>
  <system-out/>
  <testcase classname="TestNGCode.inhirited" name="f1" time="0.005"/>
  <system-out/>
</testsuite> <!-- TestNGCode.inhirited -->
