<?xml version="1.0" encoding="UTF-8"?>
<!-- Generated by org.testng.reporters.JUnitReportReporter -->
<testsuite hostname="RavindraLaptop" failures="0" tests="2" name="TestNGCode.march17_ParameterForAdd" time="0.029" errors="0" timestamp="2022-03-17T19:54:22 IST" skipped="0">
  <testcase classname="TestNGCode.march17_ParameterForAdd" name="f" time="0.025"/>
  <system-out/>
  <testcase classname="TestNGCode.march17_ParameterForAdd" name="f" time="0.004"/>
  <system-out/>
</testsuite> <!-- TestNGCode.march17_ParameterForAdd -->
