<?xml version="1.0" encoding="UTF-8"?>
<!-- Generated by org.testng.reporters.JUnitReportReporter -->
<testsuite hostname="RavindraLaptop" failures="0" tests="6" name="TestNGCode.March16_Dependencies" time="0.080" errors="0" timestamp="2022-03-16T19:58:30 IST" skipped="0">
  <testcase classname="TestNGCode.March16_Dependencies" name="sub" time="0.003"/>
  <system-out/>
  <testcase classname="TestNGCode.March16_Dependencies" name="div" time="0.018"/>
  <system-out/>
  <testcase classname="TestNGCode.March16_Dependencies" name="add" time="0.002"/>
  <system-out/>
  <testcase classname="TestNGCode.March16_Dependencies" name="RectArea" time="0.036"/>
  <system-out/>
  <testcase classname="TestNGCode.March16_Dependencies" name="SqrArea" time="0.016"/>
  <system-out/>
  <testcase classname="TestNGCode.March16_Dependencies" name="mul" time="0.005"/>
  <system-out/>
</testsuite> <!-- TestNGCode.March16_Dependencies -->
