<?xml version="1.0" encoding="UTF-8"?>
<!-- Generated by org.testng.reporters.JUnitReportReporter -->
<testsuite hostname="RavindraLaptop" failures="0" tests="1" name="TestNGCode.BasicAnnotation123" time="0.006" errors="0" timestamp="2022-03-18T20:22:22 IST" skipped="0">
  <testcase classname="TestNGCode.BasicAnnotation123" name="f" time="0.006"/>
  <system-out/>
</testsuite> <!-- TestNGCode.BasicAnnotation123 -->
