<?xml version="1.0" encoding="UTF-8"?>
<!-- Generated by org.testng.reporters.JUnitReportReporter -->
<testsuite hostname="RavindraLaptop" failures="0" tests="2" name="TestNGCode.BasicAnnotation" time="0.049" errors="0" timestamp="2022-03-18T20:37:21 IST" skipped="0">
  <testcase classname="TestNGCode.BasicAnnotation" name="g" time="0.011"/>
  <system-out/>
  <testcase classname="TestNGCode.BasicAnnotation" name="f" time="0.038"/>
  <system-out/>
</testsuite> <!-- TestNGCode.BasicAnnotation -->
