<?xml version="1.0" encoding="UTF-8"?>
<!-- Generated by org.testng.reporters.JUnitReportReporter -->
<testsuite hostname="RavindraLaptop" failures="0" tests="2" name="TestNGCode.Inhiritedclass" time="0.022" errors="0" timestamp="2022-03-17T19:42:42 IST" skipped="0">
  <testcase classname="TestNGCode.Inhiritedclass" name="f1" time="0.003"/>
  <system-out/>
  <testcase classname="TestNGCode.Inhiritedclass" name="f" time="0.019"/>
  <system-out/>
</testsuite> <!-- TestNGCode.Inhiritedclass -->
