<?xml version="1.0" encoding="UTF-8"?>
<!-- Generated by org.testng.reporters.JUnitReportReporter -->
<testsuite hostname="RavindraLaptop" failures="0" tests="2" name="TestNGCode.March14_FirstTestNG" time="0.004" errors="0" timestamp="2022-03-16T19:58:30 IST" skipped="1">
  <testcase classname="TestNGCode.March14_FirstTestNG" name="Hello" time="0.004"/>
  <system-out/>
  <testcase classname="TestNGCode.March14_FirstTestNG" name="by">
    <skipped/>
  </testcase> <!-- by -->
  <system-out/>
</testsuite> <!-- TestNGCode.March14_FirstTestNG -->
